TN:
SF:/Users/Joesonw/t2ee/core/src/DefaultProvider.ts
FN:6,(anonymous_0)
FNF:1
FNH:1
FNDA:2,(anonymous_0)
DA:4,1
DA:7,2
DA:8,2
DA:11,0
DA:15,1
DA:17,1
LF:6
LH:5
BRDA:7,0,0,2
BRDA:7,0,1,0
BRF:2
BRH:1
end_of_record
TN:
SF:/Users/Joesonw/t2ee/core/src/configuration/Bean.ts
FN:4,BeanDecorator
FN:5,(anonymous_1)
FN:15,Bean
FNF:3
FNH:3
FNDA:4,BeanDecorator
FNDA:4,(anonymous_1)
FNDA:4,Bean
DA:1,2
DA:5,4
DA:6,4
DA:7,4
DA:8,4
DA:9,4
DA:16,4
DA:17,2
DA:19,2
DA:23,2
LF:10
LH:10
BRDA:6,0,0,4
BRDA:6,0,1,2
BRDA:7,1,0,4
BRDA:7,1,1,2
BRDA:16,2,0,2
BRDA:16,2,1,2
BRF:6
BRH:6
end_of_record
TN:
SF:/Users/Joesonw/t2ee/core/src/configuration/BeanProvider.ts
FN:5,(anonymous_0)
FN:9,(anonymous_1)
FN:13,(anonymous_2)
FNF:3
FNH:3
FNDA:2,(anonymous_0)
FNDA:9,(anonymous_1)
FNDA:5,(anonymous_2)
DA:5,2
DA:6,2
DA:10,9
DA:14,5
DA:18,2
DA:19,2
LF:6
LH:6
BRF:0
BRH:0
end_of_record
TN:
SF:/Users/Joesonw/t2ee/core/src/configuration/Configuration.ts
FN:8,Configuration
FNF:1
FNH:1
FNDA:2,Configuration
DA:1,1
DA:3,1
DA:4,1
DA:5,1
DA:9,2
DA:10,2
DA:11,2
DA:13,2
DA:14,2
DA:15,2
DA:16,2
DA:17,2
DA:18,2
DA:21,2
DA:24,1
LF:15
LH:15
BRDA:9,0,0,2
BRDA:9,0,1,1
BRF:2
BRH:2
end_of_record
TN:
SF:/Users/Joesonw/t2ee/core/src/configuration/ConfigurationProvider.ts
FN:7,(anonymous_0)
FNF:1
FNH:1
FNDA:6,(anonymous_0)
DA:2,1
DA:5,1
DA:8,6
DA:9,6
DA:10,1
DA:11,5
DA:12,2
DA:13,1
DA:14,1
DA:15,0
DA:17,1
DA:19,3
DA:20,1
DA:23,5
DA:27,1
DA:28,1
LF:16
LH:15
BRDA:9,0,0,1
BRDA:9,0,1,5
BRDA:11,1,0,2
BRDA:11,1,1,3
BRDA:12,2,0,1
BRDA:12,2,1,1
BRDA:12,3,0,2
BRDA:12,3,1,2
BRDA:14,4,0,0
BRDA:14,4,1,1
BRDA:14,5,0,1
BRDA:14,5,1,1
BRDA:19,6,0,1
BRDA:19,6,1,2
BRF:14
BRH:13
end_of_record
TN:
SF:/Users/Joesonw/t2ee/core/src/configuration/ConfigurationStore.ts
FN:10,(anonymous_0)
FN:26,(anonymous_1)
FN:40,(anonymous_2)
FN:46,(anonymous_3)
FN:68,(anonymous_4)
FN:85,(anonymous_5)
FN:100,(anonymous_6)
FNF:7
FNH:7
FNDA:9,(anonymous_0)
FNDA:3,(anonymous_1)
FNDA:4,(anonymous_2)
FNDA:16,(anonymous_3)
FNDA:14,(anonymous_4)
FNDA:9,(anonymous_5)
FNDA:2,(anonymous_6)
DA:1,2
DA:2,2
DA:3,2
DA:4,2
DA:6,2
DA:7,2
DA:8,2
DA:11,9
DA:12,5
DA:13,5
DA:14,4
DA:15,1
DA:16,1
DA:17,3
DA:18,1
DA:19,1
DA:20,2
DA:21,1
DA:23,1
DA:27,3
DA:28,3
DA:29,3
DA:32,3
DA:33,1
DA:34,1
DA:35,1
DA:41,4
DA:42,4
DA:43,4
DA:47,16
DA:48,4
DA:49,4
DA:50,1
DA:53,3
DA:55,12
DA:56,12
DA:57,12
DA:58,0
DA:60,12
DA:61,11
DA:64,1
DA:69,14
DA:70,2
DA:71,1
DA:73,1
DA:77,12
DA:78,12
DA:79,7
DA:82,12
DA:86,9
DA:87,9
DA:88,2
DA:89,2
DA:90,2
DA:92,7
DA:93,2
DA:94,2
DA:95,2
DA:97,9
DA:101,2
LF:60
LH:59
BRDA:11,0,0,5
BRDA:11,0,1,4
BRDA:14,1,0,1
BRDA:14,1,1,3
BRDA:17,2,0,1
BRDA:17,2,1,2
BRDA:20,3,0,1
BRDA:20,3,1,1
BRDA:28,4,0,3
BRDA:28,4,1,0
BRDA:32,5,0,1
BRDA:32,5,1,2
BRDA:34,6,0,1
BRDA:34,6,1,0
BRDA:41,7,0,4
BRDA:41,7,1,2
BRDA:46,8,0,14
BRDA:47,9,0,4
BRDA:47,9,1,12
BRDA:49,10,0,1
BRDA:49,10,1,3
BRDA:57,11,0,0
BRDA:57,11,1,12
BRDA:60,12,0,11
BRDA:60,12,1,1
BRDA:69,13,0,2
BRDA:69,13,1,12
BRDA:70,14,0,1
BRDA:70,14,1,1
BRDA:78,15,0,7
BRDA:78,15,1,5
BRDA:87,16,0,2
BRDA:87,16,1,7
BRDA:89,17,0,2
BRDA:89,17,1,0
BRDA:92,18,0,2
BRDA:92,18,1,5
BRF:37
BRH:33
end_of_record
TN:
SF:/Users/Joesonw/t2ee/core/src/configuration/Value.ts
FN:3,Value
FNF:1
FNH:1
FNDA:1,Value
DA:1,1
DA:3,1
DA:4,1
LF:3
LH:3
BRDA:3,0,0,0
BRF:1
BRH:0
end_of_record
TN:
SF:/Users/Joesonw/t2ee/core/src/injections/AutoWired.ts
FN:5,AutoWiredDecorator
FN:7,(anonymous_1)
FN:63,AutoWired
FNF:3
FNH:3
FNDA:7,AutoWiredDecorator
FNDA:7,(anonymous_1)
FNDA:7,AutoWired
DA:1,2
DA:7,7
DA:9,7
DA:12,7
DA:14,4
DA:16,2
DA:18,2
DA:19,2
DA:20,2
DA:25,2
DA:28,2
DA:30,2
DA:32,2
DA:33,2
DA:34,2
DA:39,2
DA:42,3
DA:44,3
DA:45,3
DA:46,3
DA:51,3
DA:64,7
DA:65,3
DA:67,4
DA:71,2
LF:25
LH:25
BRDA:12,0,0,4
BRDA:12,0,1,3
BRDA:14,1,0,2
BRDA:14,1,1,2
BRDA:18,2,0,2
BRDA:18,2,1,1
BRDA:19,3,0,2
BRDA:19,3,1,2
BRDA:21,4,0,2
BRDA:21,4,1,1
BRDA:30,5,0,2
BRDA:30,5,1,1
BRDA:32,6,0,2
BRDA:32,6,1,1
BRDA:33,7,0,2
BRDA:33,7,1,2
BRDA:35,8,0,2
BRDA:35,8,1,1
BRDA:44,9,0,3
BRDA:44,9,1,2
BRDA:45,10,0,3
BRDA:45,10,1,3
BRDA:47,11,0,3
BRDA:47,11,1,1
BRDA:64,12,0,3
BRDA:64,12,1,4
BRDA:64,13,0,7
BRDA:64,13,1,7
BRDA:64,13,2,5
BRF:29
BRH:29
end_of_record
TN:
SF:/Users/Joesonw/t2ee/core/src/injections/Component.ts
FN:11,ComponentDecorator
FN:14,(anonymous_1)
FN:46,Component
FNF:3
FNH:3
FNDA:2,ComponentDecorator
FNDA:2,(anonymous_1)
FNDA:2,Component
DA:1,1
DA:2,1
DA:4,1
DA:12,2
DA:14,2
DA:16,2
DA:18,2
DA:20,2
DA:22,2
DA:23,2
DA:24,0
DA:26,2
DA:29,2
DA:47,2
DA:48,2
DA:50,0
DA:54,1
LF:17
LH:15
BRDA:12,0,0,2
BRDA:12,0,1,2
BRDA:16,1,0,2
BRDA:16,1,1,2
BRDA:18,2,0,2
BRDA:18,2,1,2
BRDA:20,3,0,2
BRDA:20,3,1,2
BRDA:23,4,0,0
BRDA:23,4,1,2
BRDA:23,5,0,2
BRDA:23,5,1,0
BRDA:47,6,0,2
BRDA:47,6,1,0
BRDA:47,7,0,2
BRDA:47,7,1,2
BRF:16
BRH:13
end_of_record
TN:
SF:/Users/Joesonw/t2ee/core/src/injections/Container.ts
FN:10,(anonymous_0)
FN:16,(anonymous_1)
FN:22,(anonymous_2)
FN:45,(anonymous_3)
FN:125,(anonymous_4)
FN:147,(anonymous_5)
FN:155,(anonymous_6)
FNF:7
FNH:5
FNDA:2,(anonymous_0)
FNDA:2,(anonymous_1)
FNDA:0,(anonymous_2)
FNDA:6,(anonymous_3)
FNDA:6,(anonymous_4)
FNDA:2,(anonymous_5)
FNDA:0,(anonymous_6)
DA:5,3
DA:11,2
DA:12,2
DA:17,2
DA:18,0
DA:19,0
DA:20,0
DA:22,0
DA:23,0
DA:24,0
DA:25,0
DA:29,0
DA:33,2
DA:38,3
DA:39,3
DA:40,3
DA:46,6
DA:47,6
DA:49,6
DA:50,6
DA:51,6
DA:52,3
DA:57,3
DA:63,0
DA:64,0
DA:67,6
DA:68,0
DA:69,0
DA:75,6
DA:76,6
DA:77,6
DA:79,6
DA:80,2
DA:81,2
DA:85,6
DA:86,4
DA:89,6
DA:90,6
DA:92,6
DA:93,2
DA:94,0
DA:95,0
DA:100,6
DA:101,0
DA:102,0
DA:103,0
DA:104,0
DA:108,6
DA:109,6
DA:113,6
DA:114,2
DA:115,0
DA:116,0
DA:119,2
DA:121,4
DA:130,6
DA:131,2
DA:132,2
DA:133,2
DA:138,2
DA:139,2
DA:141,4
DA:142,4
DA:143,4
DA:148,2
DA:156,0
DA:161,3
LF:67
LH:46
BRDA:17,0,0,0
BRDA:17,0,1,2
BRDA:49,1,0,6
BRDA:49,1,1,0
BRDA:51,2,0,3
BRDA:51,2,1,3
BRDA:67,3,0,0
BRDA:67,3,1,6
BRDA:79,4,0,2
BRDA:79,4,1,4
BRDA:79,5,0,6
BRDA:79,5,1,2
BRDA:85,6,0,6
BRDA:85,6,1,2
BRDA:90,7,0,6
BRDA:90,7,1,0
BRDA:92,8,0,2
BRDA:92,8,1,4
BRDA:92,9,0,6
BRDA:92,9,1,2
BRDA:93,10,0,2
BRDA:93,10,1,0
BRDA:100,11,0,0
BRDA:100,11,1,6
BRDA:100,12,0,6
BRDA:100,12,1,2
BRDA:100,12,2,2
BRDA:101,13,0,0
BRDA:101,13,1,0
BRDA:103,14,0,0
BRDA:103,14,1,0
BRDA:113,15,0,2
BRDA:113,15,1,4
BRDA:113,16,0,6
BRDA:113,16,1,2
BRDA:114,17,0,2
BRDA:114,17,1,0
BRDA:130,18,0,2
BRDA:130,18,1,4
BRDA:132,19,0,2
BRDA:132,19,1,0
BRDA:141,20,0,4
BRDA:141,20,1,4
BRDA:149,21,0,2
BRDA:149,21,1,1
BRDA:150,22,0,2
BRDA:150,22,1,1
BRDA:151,23,0,2
BRDA:151,23,1,0
BRF:49
BRH:36
end_of_record
TN:
SF:/Users/Joesonw/t2ee/core/src/utils/Metadata.ts
FN:8,(anonymous_0)
FN:10,(anonymous_1)
FN:14,(anonymous_2)
FNF:3
FNH:2
FNDA:0,(anonymous_0)
FNDA:11,(anonymous_1)
FNDA:35,(anonymous_2)
DA:11,11
DA:15,35
DA:18,4
DA:25,4
LF:4
LH:4
BRF:0
BRH:0
end_of_record
TN:
SF:/Users/Joesonw/t2ee/core/test-config/test4.js
FNF:0
FNH:0
DA:1,1
LF:1
LH:1
BRF:0
BRH:0
end_of_record
